<?xml version="1.0" encoding="UTF-8"?>
<!-- Generated by org.testng.reporters.JUnitReportReporter -->
<testsuite hostname="DESKTOP-LQVAPAS" failures="0" tests="3" name="com.aspire.qa.testcases.TC_001_AllTestCases" time="5.533" errors="0" timestamp="2022-01-25T01:41:31 IST" skipped="0">
  <testcase classname="com.aspire.qa.testcases.TC_001_AllTestCases" name="step1_login_webapplication" time="2.010"/>
  <system-out/>
  <testcase classname="com.aspire.qa.testcases.TC_001_AllTestCases" name="step2_naviagte_inventory_page" time="2.384"/>
  <system-out/>
  <testcase classname="com.aspire.qa.testcases.TC_001_AllTestCases" name="step3_create_product" time="1.139"/>
  <system-out/>
</testsuite> <!-- com.aspire.qa.testcases.TC_001_AllTestCases -->
