<?xml version="1.0" encoding="UTF-8"?>
<!-- Generated by org.testng.reporters.JUnitReportReporter -->
<testsuite hostname="DESKTOP-LQVAPAS" failures="0" tests="1" name="com.aspire.qa.testcases.TC_001_LoginUserWithValidCredentials" time="5.044" errors="0" timestamp="2022-01-23T23:28:17 IST" skipped="0">
  <testcase classname="com.aspire.qa.testcases.TC_001_LoginUserWithValidCredentials" name="loginuser" time="5.044"/>
  <system-out/>
</testsuite> <!-- com.aspire.qa.testcases.TC_001_LoginUserWithValidCredentials -->
